# JRE version: OpenJDK Runtime Environment (8.0_242-b01) (build 1.8.0_242-release-1644-b01)
# Java VM: OpenJDK 64-Bit Server VM (25.242-b01 mixed mode windows-amd64 compressed oops)
Heap:
 PSYoungGen      total 186880K, used 60792K [0x00000000e0000000, 0x00000000ed200000, 0x0000000100000000)
  eden space 178176K, 30% used [0x00000000e0000000,0x00000000e35116f0,0x00000000eae00000)
  from space 8704K, 74% used [0x00000000ec980000,0x00000000ecfcccf8,0x00000000ed200000)
  to   space 18432K, 0% used [0x00000000eae00000,0x00000000eae00000,0x00000000ec000000)
 ParOldGen       total 122880K, used 52174K [0x00000000a0000000, 0x00000000a7800000, 0x00000000e0000000)
  object space 122880K, 42% used [0x00000000a0000000,0x00000000a32f3bf8,0x00000000a7800000)
 Metaspace       used 83889K, capacity 87054K, committed 87256K, reserved 1126400K
  class space    used 10602K, capacity 11242K, committed 11264K, reserved 1048576K
GC Heap History (10 events):
Event: 10418.070 GC heap before
{Heap before GC invocations=25 (full 3):
 PSYoungGen      total 219136K, used 219130K [0x00000000e0000000, 0x00000000eef80000, 0x0000000100000000)
  eden space 211456K, 100% used [0x00000000e0000000,0x00000000ece80000,0x00000000ece80000)
  from space 7680K, 99% used [0x00000000ed600000,0x00000000edd7e9d0,0x00000000edd80000)
  to   space 16896K, 0% used [0x00000000edf00000,0x00000000edf00000,0x00000000eef80000)
 ParOldGen       total 122880K, used 52134K [0x00000000a0000000, 0x00000000a7800000, 0x00000000e0000000)
  object space 122880K, 42% used [0x00000000a0000000,0x00000000a32e9bf8,0x00000000a7800000)
 Metaspace       used 82081K, capacity 85010K, committed 85080K, reserved 1124352K
  class space    used 10525K, capacity 11126K, committed 11136K, reserved 1048576K
Event: 10418.285 GC heap after
Heap after GC invocations=25 (full 3):
 PSYoungGen      total 212992K, used 4112K [0x00000000e0000000, 0x00000000ee780000, 0x0000000100000000)
  eden space 204288K, 0% used [0x00000000e0000000,0x00000000e0000000,0x00000000ec780000)
  from space 8704K, 47% used [0x00000000edf00000,0x00000000ee3040c0,0x00000000ee780000)
  to   space 16384K, 0% used [0x00000000ec780000,0x00000000ec780000,0x00000000ed780000)
 ParOldGen       total 122880K, used 52142K [0x00000000a0000000, 0x00000000a7800000, 0x00000000e0000000)
  object space 122880K, 42% used [0x00000000a0000000,0x00000000a32ebbf8,0x00000000a7800000)
 Metaspace       used 82081K, capacity 85010K, committed 85080K, reserved 1124352K
  class space    used 10525K, capacity 11126K, committed 11136K, reserved 1048576K
}
Event: 10427.797 GC heap before
{Heap before GC invocations=26 (full 3):
 PSYoungGen      total 212992K, used 208400K [0x00000000e0000000, 0x00000000ee780000, 0x0000000100000000)
  eden space 204288K, 100% used [0x00000000e0000000,0x00000000ec780000,0x00000000ec780000)
  from space 8704K, 47% used [0x00000000edf00000,0x00000000ee3040c0,0x00000000ee780000)
  to   space 16384K, 0% used [0x00000000ec780000,0x00000000ec780000,0x00000000ed780000)
 ParOldGen       total 122880K, used 52142K [0x00000000a0000000, 0x00000000a7800000, 0x00000000e0000000)
  object space 122880K, 42% used [0x00000000a0000000,0x00000000a32ebbf8,0x00000000a7800000)
 Metaspace       used 82305K, capacity 85244K, committed 85336K, reserved 1124352K
  class space    used 10529K, capacity 11133K, committed 11136K, reserved 1048576K
Event: 10427.841 GC heap after
Heap after GC invocations=26 (full 3):
 PSYoungGen      total 208896K, used 11514K [0x00000000e0000000, 0x00000000ee180000, 0x0000000100000000)
  eden space 197120K, 0% used [0x00000000e0000000,0x00000000e0000000,0x00000000ec080000)
  from space 11776K, 97% used [0x00000000ec780000,0x00000000ed2beb90,0x00000000ed300000)
  to   space 14848K, 0% used [0x00000000ed300000,0x00000000ed300000,0x00000000ee180000)
 ParOldGen       total 122880K, used 52150K [0x00000000a0000000, 0x00000000a7800000, 0x00000000e0000000)
  object space 122880K, 42% used [0x00000000a0000000,0x00000000a32edbf8,0x00000000a7800000)
 Metaspace       used 82305K, capacity 85244K, committed 85336K, reserved 1124352K
  class space    used 10529K, capacity 11133K, committed 11136K, reserved 1048576K
}
Event: 10439.453 GC heap before
{Heap before GC invocations=27 (full 3):
 PSYoungGen      total 208896K, used 208634K [0x00000000e0000000, 0x00000000ee180000, 0x0000000100000000)
  eden space 197120K, 100% used [0x00000000e0000000,0x00000000ec080000,0x00000000ec080000)
  from space 11776K, 97% used [0x00000000ec780000,0x00000000ed2beb90,0x00000000ed300000)
  to   space 14848K, 0% used [0x00000000ed300000,0x00000000ed300000,0x00000000ee180000)
 ParOldGen       total 122880K, used 52150K [0x00000000a0000000, 0x00000000a7800000, 0x00000000e0000000)
  object space 122880K, 42% used [0x00000000a0000000,0x00000000a32edbf8,0x00000000a7800000)
 Metaspace       used 83051K, capacity 86048K, committed 86232K, reserved 1124352K
  class space    used 10553K, capacity 11175K, committed 11264K, reserved 1048576K
Event: 10439.513 GC heap after
Heap after GC invocations=27 (full 3):
 PSYoungGen      total 203264K, used 12464K [0x00000000e0000000, 0x00000000edf80000, 0x0000000100000000)
  eden space 190464K, 0% used [0x00000000e0000000,0x00000000e0000000,0x00000000eba00000)
  from space 12800K, 97% used [0x00000000ed300000,0x00000000edf2c1d0,0x00000000edf80000)
  to   space 17920K, 0% used [0x00000000ebc80000,0x00000000ebc80000,0x00000000ece00000)
 ParOldGen       total 122880K, used 52158K [0x00000000a0000000, 0x00000000a7800000, 0x00000000e0000000)
  object space 122880K, 42% used [0x00000000a0000000,0x00000000a32efbf8,0x00000000a7800000)
 Metaspace       used 83051K, capacity 86048K, committed 86232K, reserved 1124352K
  class space    used 10553K, capacity 11175K, committed 11264K, reserved 1048576K
}
Event: 10443.057 GC heap before
{Heap before GC invocations=28 (full 3):
 PSYoungGen      total 203264K, used 202579K [0x00000000e0000000, 0x00000000edf80000, 0x0000000100000000)
  eden space 190464K, 99% used [0x00000000e0000000,0x00000000eb9a8be0,0x00000000eba00000)
  from space 12800K, 97% used [0x00000000ed300000,0x00000000edf2c1d0,0x00000000edf80000)
  to   space 17920K, 0% used [0x00000000ebc80000,0x00000000ebc80000,0x00000000ece00000)
 ParOldGen       total 122880K, used 52158K [0x00000000a0000000, 0x00000000a7800000, 0x00000000e0000000)
  object space 122880K, 42% used [0x00000000a0000000,0x00000000a32efbf8,0x00000000a7800000)
 Metaspace       used 83521K, capacity 86550K, committed 86744K, reserved 1124352K
  class space    used 10569K, capacity 11180K, committed 11264K, reserved 1048576K
Event: 10443.076 GC heap after
Heap after GC invocations=28 (full 3):
 PSYoungGen      total 197632K, used 13245K [0x00000000e0000000, 0x00000000ed900000, 0x0000000100000000)
  eden space 184320K, 0% used [0x00000000e0000000,0x00000000e0000000,0x00000000eb400000)
  from space 13312K, 99% used [0x00000000ebc80000,0x00000000ec96f740,0x00000000ec980000)
  to   space 15872K, 0% used [0x00000000ec980000,0x00000000ec980000,0x00000000ed900000)
 ParOldGen       total 122880K, used 52166K [0x00000000a0000000, 0x00000000a7800000, 0x00000000e0000000)
  object space 122880K, 42% used [0x00000000a0000000,0x00000000a32f1bf8,0x00000000a7800000)
 Metaspace       used 83521K, capacity 86550K, committed 86744K, reserved 1124352K
  class space    used 10569K, capacity 11180K, committed 11264K, reserved 1048576K
}
Event: 10541.972 GC heap before
{Heap before GC invocations=29 (full 3):
 PSYoungGen      total 197632K, used 197565K [0x00000000e0000000, 0x00000000ed900000, 0x0000000100000000)
  eden space 184320K, 100% used [0x00000000e0000000,0x00000000eb400000,0x00000000eb400000)
  from space 13312K, 99% used [0x00000000ebc80000,0x00000000ec96f740,0x00000000ec980000)
  to   space 15872K, 0% used [0x00000000ec980000,0x00000000ec980000,0x00000000ed900000)
 ParOldGen       total 122880K, used 52166K [0x00000000a0000000, 0x00000000a7800000, 0x00000000e0000000)
  object space 122880K, 42% used [0x00000000a0000000,0x00000000a32f1bf8,0x00000000a7800000)
 Metaspace       used 83806K, capacity 86966K, committed 87256K, reserved 1126400K
  class space    used 10594K, capacity 11228K, committed 11264K, reserved 1048576K
Event: 10541.984 GC heap after
Heap after GC invocations=29 (full 3):
 PSYoungGen      total 186880K, used 6451K [0x00000000e0000000, 0x00000000ed200000, 0x0000000100000000)
  eden space 178176K, 0% used [0x00000000e0000000,0x00000000e0000000,0x00000000eae00000)
  from space 8704K, 74% used [0x00000000ec980000,0x00000000ecfcccf8,0x00000000ed200000)
  to   space 18432K, 0% used [0x00000000eae00000,0x00000000eae00000,0x00000000ec000000)
 ParOldGen       total 122880K, used 52174K [0x00000000a0000000, 0x00000000a7800000, 0x00000000e0000000)
  object space 122880K, 42% used [0x00000000a0000000,0x00000000a32f3bf8,0x00000000a7800000)
 Metaspace       used 83806K, capacity 86966K, committed 87256K, reserved 1126400K
  class space    used 10594K, capacity 11228K, committed 11264K, reserved 1048576K
}

